*new*	646900615	"646900615"	1	650101-1455111	1	2		3	4	1993/03/03		[13:14:42]
*new*	qwasdft	"7845120"	111	650101-1455111	4	564		564	65	1991/02/02		[13:20:05]
*new*	331663447	"1234"	123	650101-1455111	123	1213	132	123	123	1999/11/11	123	[13:20:52]
*new*	422570023	"123456"	1	650101-1455111	1	1	1	2	2	1988/02/02	1	[13:21:03]
*new*	6688	"8866"	1	650101-1455111	1	2		3	4	1975/08/21		[13:42:30]
*new*	yangui	"8088521"	546	650101-1455111	1	1	wad@qq.com	11	1	1999/01/01		[13:54:24]
*new*	422570099	"123456"	1	650101-1455111	1	1	1	1	1	1988/02/02	1	[13:55:58]
*new*	piaoyi	"111111"		650101-1455111	1	1	1	1	1	1990/01/01		[14:01:10]
*new*	piaoyiyi	"111111"	111	650101-1455111	1	1		1	1	1990/01/01		[14:04:39]
*new*	8804	"123123"	rty	650101-1455111	1	1		2	2	1998/11/21		[14:28:36]
*new*	33032621	"3303262"	1	650101-1455111	11	1		12	1	1990/01/01		[14:53:12]
*new*	wy1988	"asdfasdf"	1	650101-1455111	1	1		1	1	1988/08/08		[14:55:51]
*new*	xjf2022	"8214487"	7	650101-1455111	7	8		9	4	1990/01/01		[15:45:23]
*new*	free0011	"131520"	1	650101-1455111	1	1	11	1	1	1988/01/01		[16:07:04]
*new*	yangui02	"8088521"	1	650101-1455111	4	4	4	4	4	1999/1/1		[16:20:46]
*new*	q823964935	"121212"	李将	650101-1455111	1	1		1	1	1998/08/08		[17:09:08]
*new*	321321	"3213212"	321	650101-1455111	9	8		7	6	1987/8/8		[17:22:53]
*new*	373035864	"123456789"	123	650101-1455111	78	45		412	23	1991/01/01		[18:08:46]
*new*	gyhppo	"2012736"	1	650101-1455111	1	2		3	4	1975/08/21		[18:16:07]
*new*	6553	"6552"	1	650101-1455111	1	2		3	4	1998/7/7		[18:17:56]
*new*	huihui148	"153ASD"	21232	650101-1455111	1	2		3	4	1988/08/08		[18:30:04]
*new*	824448656	"824448656"	1	650101-1455111	1	11		111	1111	1998/01/01		[19:24:20]
*new*	dudu	"19861217"	1	650101-1455111	1	1		11	11	1986/12/17		[19:41:15]
*new*	6552	"6553"	1	650101-1455111	1	2		3	4	1998/7/7		[19:53:32]
*new*	lansehj	"456258"	蓝色灰烬	650101-1455111	我爱玩	传奇		我要玩	传奇	2018/08/28		[20:08:15]
*new*	apple2020	"201784"	apple2020	650101-1455111	apple2020	apple2020		apple2020	apple2020	1990/01/01		[20:40:32]
*new*	apple2021	"201784"	apple2021	650101-1455111	apple2021	apple2021		apple2021	apple2021	1990/01/01		[20:40:55]
*new*	ziseca	"456258"	紫色尘埃	650101-1455111	我爱玩	传奇		我要玩	传奇	2018/08/28		[21:12:54]
*new*	sun123	"sun123"	1	650101-1455111	1	1	1	1	1	1994/06/13	1	[21:26:58]
*new*	a137044069	"a137044069"	1	650101-1455111	1	1	1	1	1	1975/08/21	1	[22:57:13]
*new*	lanse	"456258"	蓝色	650101-1455111	我爱玩	传奇		我要玩	传奇	2018/08/28		[23:15:06]
*new*	123123	"123123"	刘德华	650101-1455111	1	1	123123@123123	2	2	1990/01/01		[23:18:27]
*new*	gyt1212	"gyt1313"	印	650101-1455111	12	1		13	2	2000/01/01		[23:40:28]
